#
# A fatal error has been detected by the Java Runtime Environment:
#
#  SIGSEGV (0xb) at pc=0x000000010d5e0027, pid=2126, tid=0x000000000000bc0f
#
# JRE version: Java(TM) SE Runtime Environment (8.0_171-b11) (build 1.8.0_171-b11)
# Java VM: Java HotSpot(TM) 64-Bit Server VM (25.171-b11 mixed mode bsd-amd64 compressed oops)
# Problematic frame:
# C  [libawt_lwawt.dylib+0x1c027]  OGLSD_SetScratchSurface+0x49
#
# Failed to write core dump. Core dumps have been disabled. To enable core dumping, try "ulimit -c unlimited" before starting Java again
#
# If you would like to submit a bug report, please visit:
#   http://bugreport.java.com/bugreport/crash.jsp
# The crash happened outside the Java Virtual Machine in native code.
# See problematic frame for where to report the bug.
#

---------------  T H R E A D  ---------------

Current thread (0x00007ff7b4058000):  JavaThread "Java2D Queue Flusher" daemon [_thread_in_native, id=48143, stack(0x0000700002dcb000,0x0000700002ecb000)]

siginfo: si_signo: 11 (SIGSEGV), si_code: 1 (SEGV_MAPERR), si_addr: 0x0000000000000002

Registers:
RAX=0x00000000ffffffff, RBX=0x0000000000000002, RCX=0x0000000000000047, RDX=0x000000010d601b14
RSP=0x0000700002eca7f0, RBP=0x0000700002eca810, RSI=0x00007ff7b2fe29f0, RDI=0x00007ff7b40581f8
R8 =0x0000000000000006, R9 =0xffffffff00000000, R10=0x000000010dd8e078, R11=0x000000010dd8eac0
R12=0x0000000000000000, R13=0x0000700002eca9a8, R14=0x00007ff7b40581f8, R15=0x00007ff7b4058000
RIP=0x000000010d5e0027, EFLAGS=0x0000000000010202, ERR=0x0000000000000004
  TRAPNO=0x000000000000000e

Top of Stack: (sp=0x0000700002eca7f0)
0x0000700002eca7f0:   00007ff7b2fe29f0 0000000000000000
0x0000700002eca800:   00007ff7b3ad0610 00007ff7b4058000
0x0000700002eca810:   0000700002eca890 000000010d6015f2
0x0000700002eca820:   00007ff7b2e39300 0000000200000001
0x0000700002eca830:   00007f00b7975ef0 0000000000000000
0x0000700002eca840:   0000000000000000 0000000000000000
0x0000700002eca850:   0000700002eca890 00007ff7b3ad0620
0x0000700002eca860:   0000700000eca8a0 00007ff7b40581f8
0x0000700002eca870:   0000000155dad748 0000000000000000
0x0000700002eca880:   0000700002ecaa28 00007ff7b4058000
0x0000700002eca890:   0000700002eca8e0 000000010dd8e0ea
0x0000700002eca8a0:   0000000797621120 000000010453b084
0x0000700002eca8b0:   0000000000000064 0000000000000000
0x0000700002eca8c0:   0000000000000064 00007ff7b2e25b48
0x0000700002eca8d0:   0000700002eca930 0000000104350fd8
0x0000700002eca8e0:   0000700002ecaa00 000000010e043d7c
0x0000700002eca8f0:   0000000000000001 00007ff7b2e39130
0x0000700002eca900:   0000000797621100 00007ff7b4058000
0x0000700002eca910:   00007ff7b4058000 0000000109e1aa00
0x0000700002eca920:   0000700002ecaa28 00007ff7b4058000
0x0000700002eca930:   0000700002eca980 000000010dbfd728
0x0000700002eca940:   0000000797621120 000000010dc7a2e6
0x0000700002eca950:   0000700002ecaa00 000000010dd8eb1c
0x0000700002eca960:   000000010a28a101 0000700002eca9a8
0x0000700002eca970:   000000010a28af10 0000000000000000
0x0000700002eca980:   0000700002ecaa00 000000010d9622bd
0x0000700002eca990:   0000700002ecaa00 000000010d9622bd
0x0000700002eca9a0:   000000010d9622bd 0000000797621120
0x0000700002eca9b0:   0000000000000001 00000007976211f8
0x0000700002eca9c0:   0000700002eca9b0 000000010a28d959
0x0000700002eca9d0:   0000700002ecaa28 000000010a28e1e0
0x0000700002eca9e0:   0000000000000000 000000010a28da60 

Instructions: (pc=0x000000010d5e0027)
0x000000010d5e0007:   c0 e9 82 00 00 00 48 8b 5e 10 48 85 db 75 0e bf
0x000000010d5e0017:   01 00 00 00 48 8d 15 a8 96 03 00 eb d6 49 89 fe
0x000000010d5e0027:   4c 8b 3b 30 c0 e8 ff bc 02 00 49 8b 3f 49 89 c4
0x000000010d5e0037:   48 8b 35 02 29 06 00 30 c0 e8 4d be 02 00 48 85 

Register to memory mapping:

RAX=0x00000000ffffffff is an unknown value
RBX=0x0000000000000002 is an unknown value
RCX=0x0000000000000047 is an unknown value
RDX=0x000000010d601b14: Java_sun_java2d_opengl_OGLRenderQueue_flushBuffer+0xb5c in /Library/Java/JavaVirtualMachines/jdk1.8.0_171.jdk/Contents/Home/jre/lib/libawt_lwawt.dylib at 0x000000010d5c4000
RSP=0x0000700002eca7f0 is pointing into the stack for thread: 0x00007ff7b4058000
RBP=0x0000700002eca810 is pointing into the stack for thread: 0x00007ff7b4058000
RSI=0x00007ff7b2fe29f0 is an unknown value
RDI=0x00007ff7b40581f8 is an unknown value
R8 =0x0000000000000006 is an unknown value
R9 =0xffffffff00000000 is an unknown value
R10=0x000000010dd8e078 is at entry_point+56 in (nmethod*)0x000000010dd8ded0
R11=0x000000010dd8eac0 is at entry_point+0 in (nmethod*)0x000000010dd8e950
R12=0x0000000000000000 is an unknown value
R13=0x0000700002eca9a8 is pointing into the stack for thread: 0x00007ff7b4058000
R14=0x00007ff7b40581f8 is an unknown value
R15=0x00007ff7b4058000 is a thread


Stack: [0x0000700002dcb000,0x0000700002ecb000],  sp=0x0000700002eca7f0,  free space=1021k
Native frames: (J=compiled Java code, j=interpreted, Vv=VM code, C=native code)
C  [libawt_lwawt.dylib+0x1c027]  OGLSD_SetScratchSurface+0x49
C  [libawt_lwawt.dylib+0x3d5f2]  Java_sun_java2d_opengl_OGLRenderQueue_flushBuffer+0x63a
J 2056  sun.java2d.opengl.OGLRenderQueue.flushBuffer(JI)V (0 bytes) @ 0x000000010dd8e0ea [0x000000010dd8e040+0xaa]
J 2211 C1 sun.java2d.opengl.OGLRenderQueue.flushBuffer()V (41 bytes) @ 0x000000010e043d7c [0x000000010e043b20+0x25c]
J 2210 C1 sun.java2d.opengl.OGLRenderQueue.access$100(Lsun/java2d/opengl/OGLRenderQueue;)V (5 bytes) @ 0x000000010dd8eb1c [0x000000010dd8eac0+0x5c]
j  sun.java2d.opengl.OGLRenderQueue$QueueFlusher.run()V+81
v  ~StubRoutines::call_stub
V  [libjvm.dylib+0x2ef1f6]
V  [libjvm.dylib+0x2ef99a]
V  [libjvm.dylib+0x2efb46]
V  [libjvm.dylib+0x34a46d]
V  [libjvm.dylib+0x56eb0f]
V  [libjvm.dylib+0x57020a]
V  [libjvm.dylib+0x48d4a6]
C  [libsystem_pthread.dylib+0x6109]  _pthread_start+0x94
C  [libsystem_pthread.dylib+0x1b8b]  thread_start+0xf
C  0x0000000000000000

Java frames: (J=compiled Java code, j=interpreted, Vv=VM code)
J 2056  sun.java2d.opengl.OGLRenderQueue.flushBuffer(JI)V (0 bytes) @ 0x000000010dd8e078 [0x000000010dd8e040+0x38]
J 2211 C1 sun.java2d.opengl.OGLRenderQueue.flushBuffer()V (41 bytes) @ 0x000000010e043d7c [0x000000010e043b20+0x25c]
J 2210 C1 sun.java2d.opengl.OGLRenderQueue.access$100(Lsun/java2d/opengl/OGLRenderQueue;)V (5 bytes) @ 0x000000010dd8eb1c [0x000000010dd8eac0+0x5c]
j  sun.java2d.opengl.OGLRenderQueue$QueueFlusher.run()V+81
v  ~StubRoutines::call_stub

---------------  P R O C E S S  ---------------

Java Threads: ( => current thread )
  0x00007ff7b6ae9000 JavaThread "TimerQueue" daemon [_thread_blocked, id=117791, stack(0x0000700005870000,0x0000700005970000)]
  0x00007ff7b6aad800 JavaThread "Timer-9" daemon [_thread_blocked, id=119043, stack(0x0000700005564000,0x0000700005664000)]
  0x00007ff7b495f800 JavaThread "JFXMedia Player EventQueueThread" daemon [_thread_blocked, id=120667, stack(0x000070000535b000,0x000070000545b000)]
  0x00007ff7b81d8000 JavaThread "Timer-8" daemon [_thread_blocked, id=121091, stack(0x0000700005258000,0x0000700005358000)]
  0x00007ff7b6b61800 JavaThread "JFXMedia Player EventQueueThread" daemon [_thread_blocked, id=95815, stack(0x000070000504f000,0x000070000514f000)]
  0x00007ff7b81bd800 JavaThread "Timer-7" daemon [_thread_in_vm, id=121859, stack(0x0000700004f4c000,0x000070000504c000)]
  0x00007ff7b4d80000 JavaThread "JFXMedia Player EventQueueThread" daemon [_thread_blocked, id=122539, stack(0x0000700004d43000,0x0000700004e43000)]
  0x00007ff7b80cc800 JavaThread "Timer-6" daemon [_thread_blocked, id=123139, stack(0x0000700004c40000,0x0000700004d40000)]
  0x00007ff7b4a5e800 JavaThread "JFXMedia Player EventQueueThread" daemon [_thread_blocked, id=93991, stack(0x0000700004a37000,0x0000700004b37000)]
  0x00007ff7b6aed000 JavaThread "Timer-5" daemon [_thread_blocked, id=124419, stack(0x0000700004934000,0x0000700004a34000)]
  0x00007ff7b48ae000 JavaThread "JFXMedia Player EventQueueThread" daemon [_thread_blocked, id=125255, stack(0x000070000472b000,0x000070000482b000)]
  0x00007ff7b8062800 JavaThread "Timer-4" daemon [_thread_blocked, id=92675, stack(0x0000700004628000,0x0000700004728000)]
  0x00007ff7b48af000 JavaThread "JFXMedia Player EventQueueThread" daemon [_thread_blocked, id=126259, stack(0x00007000044a2000,0x00007000045a2000)]
  0x00007ff7b805b800 JavaThread "Timer-3" daemon [_thread_blocked, id=91907, stack(0x000070000439f000,0x000070000449f000)]
  0x00007ff7b4a59000 JavaThread "JFXMedia Player EventQueueThread" daemon [_thread_blocked, id=127523, stack(0x0000700004196000,0x0000700004296000)]
  0x00007ff7b3ab6000 JavaThread "Timer-2" daemon [_thread_blocked, id=91399, stack(0x0000700004093000,0x0000700004193000)]
  0x00007ff7b32e2000 JavaThread "JFXMedia Player EventQueueThread" daemon [_thread_blocked, id=12579, stack(0x0000700003f0d000,0x000070000400d000)]
  0x00007ff7b8064800 JavaThread "Timer-1" daemon [_thread_blocked, id=128259, stack(0x0000700003e0a000,0x0000700003f0a000)]
  0x00007ff7b6aeb800 JavaThread "JFXMedia Player EventQueueThread" daemon [_thread_blocked, id=56327, stack(0x000070000325a000,0x000070000335a000)]
  0x00007ff7b334e000 JavaThread "Timer-0" daemon [_thread_blocked, id=90375, stack(0x0000700003c84000,0x0000700003d84000)]
  0x00007ff7b666d000 JavaThread "Media Resource Disposer" daemon [_thread_blocked, id=88583, stack(0x0000700003afe000,0x0000700003bfe000)]
  0x00007ff7b67e6800 JavaThread "JFXMedia Player EventQueueThread" daemon [_thread_blocked, id=59979, stack(0x000070000376c000,0x000070000386c000)]
  0x00007ff7b4653000 JavaThread "DestroyJavaVM" [_thread_blocked, id=4355, stack(0x0000700001b8c000,0x0000700001c8c000)]
  0x00007ff7b407a000 JavaThread "Timer" [_thread_blocked, id=72619, stack(0x00007000035e6000,0x00007000036e6000)]
  0x00007ff7b37ff800 JavaThread "AWT-EventQueue-0" [_thread_blocked, id=56839, stack(0x0000700003460000,0x0000700003560000)]
  0x00007ff7b3b6d000 JavaThread "Thread-2" daemon [_thread_in_native, id=55555, stack(0x00007000031d7000,0x0000700003257000)]
  0x00007ff7b3259000 JavaThread "Thread-1" daemon [_thread_blocked, id=76555, stack(0x00007000030d4000,0x00007000031d4000)]
  0x00007ff7b3a8c000 JavaThread "QuantumRenderer-0" daemon [_thread_blocked, id=51739, stack(0x0000700002fd1000,0x00007000030d1000)]
  0x00007ff7b3b0b000 JavaThread "Java2D Disposer" daemon [_thread_blocked, id=78867, stack(0x0000700002ece000,0x0000700002fce000)]
=>0x00007ff7b4058000 JavaThread "Java2D Queue Flusher" daemon [_thread_in_native, id=48143, stack(0x0000700002dcb000,0x0000700002ecb000)]
  0x00007ff7b3a20800 JavaThread "AWT-Shutdown" [_thread_blocked, id=39203, stack(0x0000700002b3f000,0x0000700002c3f000)]
  0x00007ff7b3a1d800 JavaThread "JavaFX Application Thread" daemon [_thread_blocked, id=775, stack(0x00007ffeebd39000,0x00007ffeec539000)]
  0x00007ff7b3047800 JavaThread "Service Thread" daemon [_thread_blocked, id=14595, stack(0x0000700002939000,0x0000700002a39000)]
  0x00007ff7b3037000 JavaThread "C1 CompilerThread2" daemon [_thread_blocked, id=14339, stack(0x0000700002836000,0x0000700002936000)]
  0x00007ff7b3036000 JavaThread "C2 CompilerThread1" daemon [_thread_blocked, id=14083, stack(0x0000700002733000,0x0000700002833000)]
  0x00007ff7b3858000 JavaThread "C2 CompilerThread0" daemon [_thread_blocked, id=18947, stack(0x0000700002630000,0x0000700002730000)]
  0x00007ff7b401c800 JavaThread "Signal Dispatcher" daemon [_thread_blocked, id=13571, stack(0x000070000252d000,0x000070000262d000)]
  0x00007ff7b3021000 JavaThread "Finalizer" daemon [_thread_blocked, id=11523, stack(0x00007000022a1000,0x00007000023a1000)]
  0x00007ff7b4011000 JavaThread "Reference Handler" daemon [_thread_blocked, id=11267, stack(0x000070000219e000,0x000070000229e000)]

Other Threads:
  0x00007ff7b400c000 VMThread [stack: 0x000070000209b000,0x000070000219b000] [id=21251]
  0x00007ff7b38c3000 WatcherThread [stack: 0x0000700002a3c000,0x0000700002b3c000] [id=14851]

VM state:not at safepoint (normal execution)

VM Mutex/Monitor currently owned by a thread: None

Heap:
 PSYoungGen      total 38400K, used 17893K [0x0000000795580000, 0x000000079c080000, 0x00000007c0000000)
  eden space 33280K, 38% used [0x0000000795580000,0x00000007961fd690,0x0000000797600000)
  from space 5120K, 99% used [0x0000000797600000,0x0000000797afc030,0x0000000797b00000)
  to   space 21504K, 0% used [0x000000079ab80000,0x000000079ab80000,0x000000079c080000)
 ParOldGen       total 87552K, used 29395K [0x0000000740000000, 0x0000000745580000, 0x0000000795580000)
  object space 87552K, 33% used [0x0000000740000000,0x0000000741cb4c90,0x0000000745580000)
 Metaspace       used 15783K, capacity 16336K, committed 16512K, reserved 1062912K
  class space    used 1939K, capacity 2089K, committed 2176K, reserved 1048576K

Card table byte_map: [0x000000010536e000,0x000000010576f000] byte_map_base: 0x000000010196e000

Marking Bits: (ParMarkBitMap*) 0x00000001048f76e0
 Begin Bits: [0x0000000105a1a000, 0x0000000107a1a000)
 End Bits:   [0x0000000107a1a000, 0x0000000109a1a000)

Polling page: 0x0000000103736000

CodeCache: size=245760Kb used=7057Kb max_used=7068Kb free=238702Kb
 bounds [0x000000010d95a000, 0x000000010e04a000, 0x000000011c95a000]
 total_blobs=2734 nmethods=2077 adapters=569
 compilation: enabled

Compilation events (10 events):
Event: 1458.728 Thread 0x00007ff7b3037000 2210       3       sun.java2d.opengl.OGLRenderQueue::access$100 (5 bytes)
Event: 1458.728 Thread 0x00007ff7b3037000 nmethod 2210 0x000000010dd8e950 code [0x000000010dd8eac0, 0x000000010dd8ec28]
Event: 1458.728 Thread 0x00007ff7b3037000 2211       3       sun.java2d.opengl.OGLRenderQueue::flushBuffer (41 bytes)
Event: 1458.729 Thread 0x00007ff7b3037000 nmethod 2211 0x000000010e043990 code [0x000000010e043b20, 0x000000010e044078]
Event: 1458.729 Thread 0x00007ff7b3037000 2212       3       java.util.HashSet::clear (8 bytes)
Event: 1458.730 Thread 0x00007ff7b3037000 nmethod 2212 0x000000010e039e10 code [0x000000010e039f80, 0x000000010e03a1a8]
Event: 1492.677 Thread 0x00007ff7b3036000 2214       4       WinMines::Timer (78 bytes)
Event: 1492.678 Thread 0x00007ff7b3036000 nmethod 2214 0x000000010dd8e610 code [0x000000010dd8e760, 0x000000010dd8e7f8]
Event: 1492.678 Thread 0x00007ff7b3036000 2213       4       WinMines$7::run (7 bytes)
Event: 1492.680 Thread 0x00007ff7b3036000 nmethod 2213 0x000000010e039a90 code [0x000000010e039be0, 0x000000010e039c78]

GC Heap History (10 events):
Event: 1.632 GC heap before
{Heap before GC invocations=1 (full 0):
 PSYoungGen      total 38400K, used 33280K [0x0000000795580000, 0x0000000798000000, 0x00000007c0000000)
  eden space 33280K, 100% used [0x0000000795580000,0x0000000797600000,0x0000000797600000)
  from space 5120K, 0% used [0x0000000797b00000,0x0000000797b00000,0x0000000798000000)
  to   space 5120K, 0% used [0x0000000797600000,0x0000000797600000,0x0000000797b00000)
 ParOldGen       total 87552K, used 0K [0x0000000740000000, 0x0000000745580000, 0x0000000795580000)
  object space 87552K, 0% used [0x0000000740000000,0x0000000740000000,0x0000000745580000)
 Metaspace       used 10543K, capacity 10872K, committed 11136K, reserved 1058816K
  class space    used 1219K, capacity 1339K, committed 1408K, reserved 1048576K
Event: 1.638 GC heap after
Heap after GC invocations=1 (full 0):
 PSYoungGen      total 38400K, used 4960K [0x0000000795580000, 0x0000000798000000, 0x00000007c0000000)
  eden space 33280K, 0% used [0x0000000795580000,0x0000000795580000,0x0000000797600000)
  from space 5120K, 96% used [0x0000000797600000,0x0000000797ad8020,0x0000000797b00000)
  to   space 5120K, 0% used [0x0000000797b00000,0x0000000797b00000,0x0000000798000000)
 ParOldGen       total 87552K, used 16K [0x0000000740000000, 0x0000000745580000, 0x0000000795580000)
  object space 87552K, 0% used [0x0000000740000000,0x0000000740004000,0x0000000745580000)
 Metaspace       used 10543K, capacity 10872K, committed 11136K, reserved 1058816K
  class space    used 1219K, capacity 1339K, committed 1408K, reserved 1048576K
}
Event: 9.651 GC heap before
{Heap before GC invocations=2 (full 0):
 PSYoungGen      total 38400K, used 38240K [0x0000000795580000, 0x0000000798000000, 0x00000007c0000000)
  eden space 33280K, 100% used [0x0000000795580000,0x0000000797600000,0x0000000797600000)
  from space 5120K, 96% used [0x0000000797600000,0x0000000797ad8020,0x0000000797b00000)
  to   space 5120K, 0% used [0x0000000797b00000,0x0000000797b00000,0x0000000798000000)
 ParOldGen       total 87552K, used 16K [0x0000000740000000, 0x0000000745580000, 0x0000000795580000)
  object space 87552K, 0% used [0x0000000740000000,0x0000000740004000,0x0000000745580000)
 Metaspace       used 15061K, capacity 15584K, committed 15872K, reserved 1062912K
  class space    used 1846K, capacity 1993K, committed 2048K, reserved 1048576K
Event: 9.661 GC heap after
Heap after GC invocations=2 (full 0):
 PSYoungGen      total 38400K, used 5088K [0x0000000795580000, 0x0000000798000000, 0x00000007c0000000)
  eden space 33280K, 0% used [0x0000000795580000,0x0000000795580000,0x0000000797600000)
  from space 5120K, 99% used [0x0000000797b00000,0x0000000797ff8040,0x0000000798000000)
  to   space 5120K, 0% used [0x0000000797600000,0x0000000797600000,0x0000000797b00000)
 ParOldGen       total 87552K, used 3152K [0x0000000740000000, 0x0000000745580000, 0x0000000795580000)
  object space 87552K, 3% used [0x0000000740000000,0x0000000740314000,0x0000000745580000)
 Metaspace       used 15061K, capacity 15584K, committed 15872K, reserved 1062912K
  class space    used 1846K, capacity 1993K, committed 2048K, reserved 1048576K
}
Event: 648.412 GC heap before
{Heap before GC invocations=3 (full 0):
 PSYoungGen      total 38400K, used 38368K [0x0000000795580000, 0x0000000798000000, 0x00000007c0000000)
  eden space 33280K, 100% used [0x0000000795580000,0x0000000797600000,0x0000000797600000)
  from space 5120K, 99% used [0x0000000797b00000,0x0000000797ff8040,0x0000000798000000)
  to   space 5120K, 0% used [0x0000000797600000,0x0000000797600000,0x0000000797b00000)
 ParOldGen       total 87552K, used 3152K [0x0000000740000000, 0x0000000745580000, 0x0000000795580000)
  object space 87552K, 3% used [0x0000000740000000,0x0000000740314000,0x0000000745580000)
 Metaspace       used 15764K, capacity 16272K, committed 16512K, reserved 1062912K
  class space    used 1936K, capacity 2089K, committed 2176K, reserved 1048576K
Event: 648.422 GC heap after
Heap after GC invocations=3 (full 0):
 PSYoungGen      total 38400K, used 5104K [0x0000000795580000, 0x0000000798000000, 0x00000007c0000000)
  eden space 33280K, 0% used [0x0000000795580000,0x0000000795580000,0x0000000797600000)
  from space 5120K, 99% used [0x0000000797600000,0x0000000797afc060,0x0000000797b00000)
  to   space 5120K, 0% used [0x0000000797b00000,0x0000000797b00000,0x0000000798000000)
 ParOldGen       total 87552K, used 4636K [0x0000000740000000, 0x0000000745580000, 0x0000000795580000)
  object space 87552K, 5% used [0x0000000740000000,0x0000000740487090,0x0000000745580000)
 Metaspace       used 15764K, capacity 16272K, committed 16512K, reserved 1062912K
  class space    used 1936K, capacity 2089K, committed 2176K, reserved 1048576K
}
Event: 1492.930 GC heap before
{Heap before GC invocations=4 (full 0):
 PSYoungGen      total 38400K, used 38384K [0x0000000795580000, 0x0000000798000000, 0x00000007c0000000)
  eden space 33280K, 100% used [0x0000000795580000,0x0000000797600000,0x0000000797600000)
  from space 5120K, 99% used [0x0000000797600000,0x0000000797afc060,0x0000000797b00000)
  to   space 5120K, 0% used [0x0000000797b00000,0x0000000797b00000,0x0000000798000000)
 ParOldGen       total 87552K, used 4636K [0x0000000740000000, 0x0000000745580000, 0x0000000795580000)
  object space 87552K, 5% used [0x0000000740000000,0x0000000740487090,0x0000000745580000)
 Metaspace       used 15783K, capacity 16336K, committed 16512K, reserved 1062912K
  class space    used 1939K, capacity 2089K, committed 2176K, reserved 1048576K
Event: 1492.974 GC heap after
Heap after GC invocations=4 (full 0):
 PSYoungGen      total 38400K, used 5112K [0x0000000795580000, 0x0000000798000000, 0x00000007c0000000)
  eden space 33280K, 0% used [0x0000000795580000,0x0000000795580000,0x0000000797600000)
  from space 5120K, 99% used [0x0000000797b00000,0x0000000797ffe040,0x0000000798000000)
  to   space 5120K, 0% used [0x0000000797600000,0x0000000797600000,0x0000000797b00000)
 ParOldGen       total 87552K, used 13803K [0x0000000740000000, 0x0000000745580000, 0x0000000795580000)
  object space 87552K, 15% used [0x0000000740000000,0x0000000740d7ac70,0x0000000745580000)
 Metaspace       used 15783K, capacity 16336K, committed 16512K, reserved 1062912K
  class space    used 1939K, capacity 2089K, committed 2176K, reserved 1048576K
}
Event: 1493.721 GC heap before
{Heap before GC invocations=5 (full 0):
 PSYoungGen      total 38400K, used 38392K [0x0000000795580000, 0x0000000798000000, 0x00000007c0000000)
  eden space 33280K, 100% used [0x0000000795580000,0x0000000797600000,0x0000000797600000)
  from space 5120K, 99% used [0x0000000797b00000,0x0000000797ffe040,0x0000000798000000)
  to   space 5120K, 0% used [0x0000000797600000,0x0000000797600000,0x0000000797b00000)
 ParOldGen       total 87552K, used 13803K [0x0000000740000000, 0x0000000745580000, 0x0000000795580000)
  object space 87552K, 15% used [0x0000000740000000,0x0000000740d7ac70,0x0000000745580000)
 Metaspace       used 15783K, capacity 16336K, committed 16512K, reserved 1062912K
  class space    used 1939K, capacity 2089K, committed 2176K, reserved 1048576K
Event: 1493.788 GC heap after
Heap after GC invocations=5 (full 0):
 PSYoungGen      total 38400K, used 5104K [0x0000000795580000, 0x000000079c080000, 0x00000007c0000000)
  eden space 33280K, 0% used [0x0000000795580000,0x0000000795580000,0x0000000797600000)
  from space 5120K, 99% used [0x0000000797600000,0x0000000797afc030,0x0000000797b00000)
  to   space 21504K, 0% used [0x000000079ab80000,0x000000079ab80000,0x000000079c080000)
 ParOldGen       total 87552K, used 29395K [0x0000000740000000, 0x0000000745580000, 0x0000000795580000)
  object space 87552K, 33% used [0x0000000740000000,0x0000000741cb4c90,0x0000000745580000)
 Metaspace       used 15783K, capacity 16336K, committed 16512K, reserved 1062912K
  class space    used 1939K, capacity 2089K, committed 2176K, reserved 1048576K
}

Deoptimization events (10 events):
Event: 12.692 Thread 0x00007ff7b820c800 Uncommon trap: reason=class_check action=maybe_recompile pc=0x000000010db99a70 method=java.awt.image.ReplicateScaleFilter.setPixels(IIIILjava/awt/image/ColorModel;[III)V @ 217
Event: 12.692 Thread 0x00007ff7b820c800 Uncommon trap: reason=class_check action=maybe_recompile pc=0x000000010db99a70 method=java.awt.image.ReplicateScaleFilter.setPixels(IIIILjava/awt/image/ColorModel;[III)V @ 217
Event: 12.754 Thread 0x00007ff7b37ff800 Uncommon trap: reason=unstable_if action=reinterpret pc=0x000000010df35ef8 method=java.util.concurrent.locks.ReentrantLock$Sync.tryRelease(I)Z @ 28
Event: 12.754 Thread 0x00007ff7b37ff800 Uncommon trap: reason=unstable_if action=reinterpret pc=0x000000010df22be4 method=java.util.concurrent.locks.ReentrantLock$Sync.tryRelease(I)Z @ 28
Event: 12.920 Thread 0x00007ff7b37ff800 Uncommon trap: reason=bimorphic action=maybe_recompile pc=0x000000010db60bf0 method=java.awt.Container.getMouseEventTargetImpl(IIZLjava/awt/Container$EventTargetFilter;ZZ)Ljava/awt/Component; @ 211
Event: 12.920 Thread 0x00007ff7b37ff800 Uncommon trap: reason=unstable_if action=reinterpret pc=0x000000010db60a9c method=java.awt.Container.getMouseEventTargetImpl(IIZLjava/awt/Container$EventTargetFilter;ZZ)Ljava/awt/Component; @ 151
Event: 12.921 Thread 0x00007ff7b37ff800 Uncommon trap: reason=unstable_if action=reinterpret pc=0x000000010db60a9c method=java.awt.Container.getMouseEventTargetImpl(IIZLjava/awt/Container$EventTargetFilter;ZZ)Ljava/awt/Component; @ 151
Event: 12.921 Thread 0x00007ff7b37ff800 Uncommon trap: reason=unstable_if action=reinterpret pc=0x000000010db60a9c method=java.awt.Container.getMouseEventTargetImpl(IIZLjava/awt/Container$EventTargetFilter;ZZ)Ljava/awt/Component; @ 151
Event: 13.647 Thread 0x00007ff7b37ff800 Uncommon trap: reason=unstable_if action=reinterpret pc=0x000000010dde58fc method=java.awt.Component.firePropertyChange(Ljava/lang/String;Ljava/lang/Object;Ljava/lang/Object;)V @ 38
Event: 82.329 Thread 0x00007ff7b805b800 Uncommon trap: reason=unstable_if action=reinterpret pc=0x000000010e01f58c method=java.util.concurrent.locks.AbstractQueuedSynchronizer.unparkSuccessor(Ljava/util/concurrent/locks/AbstractQueuedSynchronizer$Node;)V @ 22

Classes redefined (0 events):
No events

Internal exceptions (10 events):
Event: 0.226 Thread 0x00007ff7b300e800 Exception <a 'java/security/PrivilegedActionException'> (0x00000007956dc418) thrown at [/Users/java_re/workspace/8-2-build-macosx-x86_64/jdk8u171/10807/hotspot/src/share/vm/prims/jvm.cpp, line 1435]
Event: 0.227 Thread 0x00007ff7b300e800 Exception <a 'java/security/PrivilegedActionException'> (0x00000007956df748) thrown at [/Users/java_re/workspace/8-2-build-macosx-x86_64/jdk8u171/10807/hotspot/src/share/vm/prims/jvm.cpp, line 1435]
Event: 0.227 Thread 0x00007ff7b300e800 Exception <a 'java/security/PrivilegedActionException'> (0x00000007956df958) thrown at [/Users/java_re/workspace/8-2-build-macosx-x86_64/jdk8u171/10807/hotspot/src/share/vm/prims/jvm.cpp, line 1435]
Event: 0.294 Thread 0x00007ff7b300e800 Exception <a 'java/lang/NoSuchFieldError': method resolution failed> (0x00000007957b48a0) thrown at [/Users/java_re/workspace/8-2-build-macosx-x86_64/jdk8u171/10807/hotspot/src/share/vm/prims/methodHandles.cpp, line 1167]
Event: 0.296 Thread 0x00007ff7b300e800 Exception <a 'java/lang/NoSuchFieldError': method resolution failed> (0x00000007957c2070) thrown at [/Users/java_re/workspace/8-2-build-macosx-x86_64/jdk8u171/10807/hotspot/src/share/vm/prims/methodHandles.cpp, line 1167]
Event: 0.690 Thread 0x00007ff7b300e800 Exception <a 'java/io/FileNotFoundException'> (0x000000079583cff8) thrown at [/Users/java_re/workspace/8-2-build-macosx-x86_64/jdk8u171/10807/hotspot/src/share/vm/prims/jni.cpp, line 709]
Event: 0.690 Thread 0x00007ff7b300e800 Exception <a 'java/io/FileNotFoundException'> (0x000000079583db80) thrown at [/Users/java_re/workspace/8-2-build-macosx-x86_64/jdk8u171/10807/hotspot/src/share/vm/prims/jni.cpp, line 709]
Event: 4.321 Thread 0x00007ff7b8019000 Exception <a 'java/lang/NullPointerException'> (0x0000000796c8d948) thrown at [/Users/java_re/workspace/8-2-build-macosx-x86_64/jdk8u171/10807/hotspot/src/share/vm/interpreter/linkResolver.cpp, line 1185]
Event: 9.661 Thread 0x00007ff7b3021000 Exception <a 'java/lang/NullPointerException'> (0x00000007956d5960) thrown at [/Users/java_re/workspace/8-2-build-macosx-x86_64/jdk8u171/10807/hotspot/src/share/vm/interpreter/linkResolver.cpp, line 1185]
Event: 82.329 Thread 0x00007ff7b805b800 Implicit null exception at 0x000000010e01ed61 to 0x000000010e01f575

Events (10 events):
Event: 1458.578 Thread 0x00007ff7b3037000 flushing nmethod 0x000000010dd8e610
Event: 1458.732 Thread 0x00007ff7b3037000 flushing nmethod 0x000000010dea5f50
Event: 1492.655 Thread 0x00007ff7b407a000 DEOPT PACKING pc=0x000000010e02c736 sp=0x00007000036e58d0
Event: 1492.655 Thread 0x00007ff7b407a000 DEOPT UNPACKING pc=0x000000010d9a1784 sp=0x00007000036e5660 mode 0
Event: 1492.680 Thread 0x00007ff7b81d8000 DEOPT PACKING pc=0x000000010e02c736 sp=0x00007000053578d0
Event: 1492.680 Thread 0x00007ff7b81d8000 DEOPT UNPACKING pc=0x000000010d9a1784 sp=0x0000700005357660 mode 0
Event: 1492.929 Executing VM operation: ParallelGCFailedAllocation
Event: 1492.974 Executing VM operation: ParallelGCFailedAllocation done
Event: 1493.721 Executing VM operation: ParallelGCFailedAllocation
Event: 1493.789 Executing VM operation: ParallelGCFailedAllocation done


Dynamic libraries:
0x000000000b690000 	/System/Library/Frameworks/Cocoa.framework/Versions/A/Cocoa
0x000000000b690000 	/System/Library/Frameworks/Security.framework/Versions/A/Security
0x000000000b690000 	/System/Library/Frameworks/ApplicationServices.framework/Versions/A/ApplicationServices
0x000000000b690000 	/usr/lib/libz.1.dylib
0x000000000b690000 	/usr/lib/libSystem.B.dylib
0x000000000b690000 	/usr/lib/libobjc.A.dylib
0x000000000b690000 	/System/Library/Frameworks/CoreFoundation.framework/Versions/A/CoreFoundation
0x000000000b690000 	/System/Library/Frameworks/Foundation.framework/Versions/C/Foundation
0x000000000b690000 	/System/Library/Frameworks/AppKit.framework/Versions/C/AppKit
0x000000000b690000 	/System/Library/Frameworks/CoreData.framework/Versions/A/CoreData
0x000000000b690000 	/System/Library/PrivateFrameworks/UIFoundation.framework/Versions/A/UIFoundation
0x000000000b690000 	/System/Library/PrivateFrameworks/RemoteViewServices.framework/Versions/A/RemoteViewServices
0x000000000b690000 	/System/Library/PrivateFrameworks/XCTTargetBootstrap.framework/Versions/A/XCTTargetBootstrap
0x000000000b690000 	/System/Library/Frameworks/CoreDisplay.framework/Versions/A/CoreDisplay
0x000000000b690000 	/System/Library/Frameworks/Metal.framework/Versions/A/Metal
0x000000000b690000 	/System/Library/PrivateFrameworks/DesktopServicesPriv.framework/Versions/A/DesktopServicesPriv
0x000000000b690000 	/usr/lib/liblangid.dylib
0x000000000b690000 	/System/Library/PrivateFrameworks/CoreSVG.framework/Versions/A/CoreSVG
0x000000000b690000 	/System/Library/PrivateFrameworks/SkyLight.framework/Versions/A/SkyLight
0x000000000b690000 	/System/Library/Frameworks/CoreGraphics.framework/Versions/A/CoreGraphics
0x000000000b690000 	/System/Library/Frameworks/Accelerate.framework/Versions/A/Accelerate
0x000000000b690000 	/usr/lib/libxml2.2.dylib
0x000000000b690000 	/System/Library/PrivateFrameworks/IconServices.framework/Versions/A/IconServices
0x000000000b690000 	/System/Library/Frameworks/IOSurface.framework/Versions/A/IOSurface
0x000000000b690000 	/usr/lib/libDiagnosticMessagesClient.dylib
0x000000000b690000 	/System/Library/PrivateFrameworks/DFRFoundation.framework/Versions/A/DFRFoundation
0x000000000b690000 	/usr/lib/libicucore.A.dylib
0x000000000b690000 	/System/Library/Frameworks/AudioToolbox.framework/Versions/A/AudioToolbox
0x000000000b690000 	/System/Library/Frameworks/AudioUnit.framework/Versions/A/AudioUnit
0x000000000b690000 	/usr/lib/libauto.dylib
0x000000000b690000 	/System/Library/PrivateFrameworks/DataDetectorsCore.framework/Versions/A/DataDetectorsCore
0x000000000b690000 	/System/Library/Frameworks/Carbon.framework/Versions/A/Frameworks/HIToolbox.framework/Versions/A/HIToolbox
0x000000000b690000 	/System/Library/Frameworks/QuartzCore.framework/Versions/A/QuartzCore
0x000000000b690000 	/System/Library/Frameworks/Carbon.framework/Versions/A/Frameworks/SpeechRecognition.framework/Versions/A/SpeechRecognition
0x000000000b690000 	/System/Library/PrivateFrameworks/CoreUI.framework/Versions/A/CoreUI
0x000000000b690000 	/System/Library/Frameworks/CoreAudio.framework/Versions/A/CoreAudio
0x000000000b690000 	/System/Library/Frameworks/DiskArbitration.framework/Versions/A/DiskArbitration
0x000000000b690000 	/System/Library/PrivateFrameworks/MultitouchSupport.framework/Versions/A/MultitouchSupport
0x000000000b690000 	/usr/lib/libenergytrace.dylib
0x000000000b690000 	/System/Library/Frameworks/IOKit.framework/Versions/A/IOKit
0x000000000b690000 	/System/Library/Frameworks/CoreServices.framework/Versions/A/CoreServices
0x000000000b690000 	/System/Library/PrivateFrameworks/PerformanceAnalysis.framework/Versions/A/PerformanceAnalysis
0x000000000b690000 	/System/Library/Frameworks/OpenGL.framework/Versions/A/OpenGL
0x000000000b690000 	/System/Library/Frameworks/ColorSync.framework/Versions/A/ColorSync
0x000000000b690000 	/System/Library/Frameworks/CoreImage.framework/Versions/A/CoreImage
0x000000000b690000 	/System/Library/Frameworks/CoreText.framework/Versions/A/CoreText
0x000000000b690000 	/System/Library/Frameworks/ImageIO.framework/Versions/A/ImageIO
0x000000000b690000 	/usr/lib/libc++.1.dylib
0x000000000b690000 	/usr/lib/libcompression.dylib
0x000000000b690000 	/usr/lib/libMobileGestalt.dylib
0x000000000b690000 	/System/Library/PrivateFrameworks/TextureIO.framework/Versions/A/TextureIO
0x000000000b690000 	/usr/lib/libate.dylib
0x000000000b690000 	/System/Library/PrivateFrameworks/InternationalSupport.framework/Versions/A/InternationalSupport
0x000000000b690000 	/usr/lib/system/libcache.dylib
0x000000000b690000 	/usr/lib/system/libcommonCrypto.dylib
0x000000000b690000 	/usr/lib/system/libcompiler_rt.dylib
0x000000000b690000 	/usr/lib/system/libcopyfile.dylib
0x000000000b690000 	/usr/lib/system/libcorecrypto.dylib
0x000000000b690000 	/usr/lib/system/libdispatch.dylib
0x000000000b690000 	/usr/lib/system/libdyld.dylib
0x000000000b690000 	/usr/lib/system/libkeymgr.dylib
0x000000000b690000 	/usr/lib/system/liblaunch.dylib
0x000000000b690000 	/usr/lib/system/libmacho.dylib
0x000000000b690000 	/usr/lib/system/libquarantine.dylib
0x000000000b690000 	/usr/lib/system/libremovefile.dylib
0x000000000b690000 	/usr/lib/system/libsystem_asl.dylib
0x000000000b690000 	/usr/lib/system/libsystem_blocks.dylib
0x000000000b690000 	/usr/lib/system/libsystem_c.dylib
0x000000000b690000 	/usr/lib/system/libsystem_configuration.dylib
0x000000000b690000 	/usr/lib/system/libsystem_coreservices.dylib
0x000000000b690000 	/usr/lib/system/libsystem_darwin.dylib
0x000000000b690000 	/usr/lib/system/libsystem_dnssd.dylib
0x000000000b690000 	/usr/lib/system/libsystem_featureflags.dylib
0x000000000b690000 	/usr/lib/system/libsystem_info.dylib
0x000000000b690000 	/usr/lib/system/libsystem_m.dylib
0x000000000b690000 	/usr/lib/system/libsystem_malloc.dylib
0x000000000b690000 	/usr/lib/system/libsystem_networkextension.dylib
0x000000000b690000 	/usr/lib/system/libsystem_notify.dylib
0x000000000b690000 	/usr/lib/system/libsystem_sandbox.dylib
0x000000000b690000 	/usr/lib/system/libsystem_secinit.dylib
0x000000000b690000 	/usr/lib/system/libsystem_kernel.dylib
0x000000000b690000 	/usr/lib/system/libsystem_platform.dylib
0x000000000b690000 	/usr/lib/system/libsystem_pthread.dylib
0x000000000b690000 	/usr/lib/system/libsystem_symptoms.dylib
0x000000000b690000 	/usr/lib/system/libsystem_trace.dylib
0x000000000b690000 	/usr/lib/system/libunwind.dylib
0x000000000b690000 	/usr/lib/system/libxpc.dylib
0x000000000b690000 	/usr/lib/libc++abi.dylib
0x000000000b690000 	/usr/lib/liblzma.5.dylib
0x000000000b690000 	/usr/lib/libfakelink.dylib
0x000000000b690000 	/usr/lib/libarchive.2.dylib
0x000000000b690000 	/System/Library/Frameworks/SystemConfiguration.framework/Versions/A/SystemConfiguration
0x000000000b690000 	/usr/lib/libCRFSuite.dylib
0x000000000b690000 	/System/Library/Frameworks/CFNetwork.framework/Versions/A/CFNetwork
0x000000000b690000 	/usr/lib/libbsm.0.dylib
0x000000000b690000 	/usr/lib/system/libkxld.dylib
0x000000000b690000 	/System/Library/PrivateFrameworks/AppleFSCompression.framework/Versions/A/AppleFSCompression
0x000000000b690000 	/usr/lib/libcoretls.dylib
0x000000000b690000 	/usr/lib/libcoretls_cfhelpers.dylib
0x000000000b690000 	/usr/lib/libpam.2.dylib
0x000000000b690000 	/usr/lib/libsqlite3.dylib
0x000000000b690000 	/usr/lib/libxar.1.dylib
0x000000000b690000 	/usr/lib/libbz2.1.0.dylib
0x000000000b690000 	/usr/lib/libiconv.2.dylib
0x000000000b690000 	/usr/lib/libcharset.1.dylib
0x000000000b690000 	/usr/lib/libnetwork.dylib
0x000000000b690000 	/usr/lib/libpcap.A.dylib
0x000000000b690000 	/usr/lib/libapple_nghttp2.dylib
0x000000000b690000 	/System/Library/Frameworks/CoreServices.framework/Versions/A/Frameworks/FSEvents.framework/Versions/A/FSEvents
0x000000000b690000 	/System/Library/Frameworks/CoreServices.framework/Versions/A/Frameworks/CarbonCore.framework/Versions/A/CarbonCore
0x000000000b690000 	/System/Library/Frameworks/CoreServices.framework/Versions/A/Frameworks/Metadata.framework/Versions/A/Metadata
0x000000000b690000 	/System/Library/Frameworks/CoreServices.framework/Versions/A/Frameworks/OSServices.framework/Versions/A/OSServices
0x000000000b690000 	/System/Library/Frameworks/CoreServices.framework/Versions/A/Frameworks/SearchKit.framework/Versions/A/SearchKit
0x000000000b690000 	/System/Library/Frameworks/CoreServices.framework/Versions/A/Frameworks/AE.framework/Versions/A/AE
0x000000000b690000 	/System/Library/Frameworks/CoreServices.framework/Versions/A/Frameworks/LaunchServices.framework/Versions/A/LaunchServices
0x000000000b690000 	/System/Library/Frameworks/CoreServices.framework/Versions/A/Frameworks/DictionaryServices.framework/Versions/A/DictionaryServices
0x000000000b690000 	/System/Library/Frameworks/CoreServices.framework/Versions/A/Frameworks/SharedFileList.framework/Versions/A/SharedFileList
0x000000000b690000 	/System/Library/Frameworks/NetFS.framework/Versions/A/NetFS
0x000000000b690000 	/System/Library/PrivateFrameworks/NetAuth.framework/Versions/A/NetAuth
0x000000000b690000 	/System/Library/PrivateFrameworks/login.framework/Versions/A/Frameworks/loginsupport.framework/Versions/A/loginsupport
0x000000000b690000 	/System/Library/PrivateFrameworks/TCC.framework/Versions/A/TCC
0x000000000b690000 	/System/Library/PrivateFrameworks/CoreNLP.framework/Versions/A/CoreNLP
0x000000000b690000 	/System/Library/PrivateFrameworks/MetadataUtilities.framework/Versions/A/MetadataUtilities
0x000000000b690000 	/usr/lib/libmecabra.dylib
0x000000000b690000 	/usr/lib/libmecab.dylib
0x000000000b690000 	/usr/lib/libgermantok.dylib
0x000000000b690000 	/usr/lib/libThaiTokenizer.dylib
0x000000000b690000 	/usr/lib/libChineseTokenizer.dylib
0x000000000b690000 	/System/Library/Frameworks/Accelerate.framework/Versions/A/Frameworks/vImage.framework/Versions/A/vImage
0x000000000b690000 	/System/Library/Frameworks/Accelerate.framework/Versions/A/Frameworks/vecLib.framework/Versions/A/vecLib
0x000000000b690000 	/System/Library/Frameworks/Accelerate.framework/Versions/A/Frameworks/vecLib.framework/Versions/A/libvMisc.dylib
0x000000000b690000 	/System/Library/Frameworks/Accelerate.framework/Versions/A/Frameworks/vecLib.framework/Versions/A/libvDSP.dylib
0x000000000b690000 	/System/Library/Frameworks/Accelerate.framework/Versions/A/Frameworks/vecLib.framework/Versions/A/libBLAS.dylib
0x000000000b690000 	/System/Library/Frameworks/Accelerate.framework/Versions/A/Frameworks/vecLib.framework/Versions/A/libLAPACK.dylib
0x000000000b690000 	/System/Library/Frameworks/Accelerate.framework/Versions/A/Frameworks/vecLib.framework/Versions/A/libLinearAlgebra.dylib
0x000000000b690000 	/System/Library/Frameworks/Accelerate.framework/Versions/A/Frameworks/vecLib.framework/Versions/A/libSparseBLAS.dylib
0x000000000b690000 	/System/Library/Frameworks/Accelerate.framework/Versions/A/Frameworks/vecLib.framework/Versions/A/libQuadrature.dylib
0x000000000b690000 	/System/Library/Frameworks/Accelerate.framework/Versions/A/Frameworks/vecLib.framework/Versions/A/libBNNS.dylib
0x000000000b690000 	/System/Library/Frameworks/Accelerate.framework/Versions/A/Frameworks/vecLib.framework/Versions/A/libSparse.dylib
0x000000000b690000 	/System/Library/PrivateFrameworks/LanguageModeling.framework/Versions/A/LanguageModeling
0x000000000b690000 	/System/Library/PrivateFrameworks/CoreEmoji.framework/Versions/A/CoreEmoji
0x000000000b690000 	/System/Library/PrivateFrameworks/LinguisticData.framework/Versions/A/LinguisticData
0x000000000b690000 	/System/Library/PrivateFrameworks/Lexicon.framework/Versions/A/Lexicon
0x000000000b690000 	/usr/lib/libcmph.dylib
0x000000000b690000 	/System/Library/Frameworks/OpenDirectory.framework/Versions/A/Frameworks/CFOpenDirectory.framework/Versions/A/CFOpenDirectory
0x000000000b690000 	/System/Library/Frameworks/OpenDirectory.framework/Versions/A/OpenDirectory
0x000000000b690000 	/System/Library/PrivateFrameworks/APFS.framework/Versions/A/APFS
0x000000000b690000 	/System/Library/Frameworks/SecurityFoundation.framework/Versions/A/SecurityFoundation
0x000000000b690000 	/usr/lib/libutil.dylib
0x000000000b690000 	/System/Library/PrivateFrameworks/CoreServicesStore.framework/Versions/A/CoreServicesStore
0x000000000b690000 	/System/Library/Frameworks/ServiceManagement.framework/Versions/A/ServiceManagement
0x000000000b690000 	/System/Library/PrivateFrameworks/BackgroundTaskManagement.framework/Versions/A/BackgroundTaskManagement
0x000000000b690000 	/usr/lib/libxslt.1.dylib
0x000000000b690000 	/System/Library/PrivateFrameworks/AppleSystemInfo.framework/Versions/A/AppleSystemInfo
0x000000000b690000 	/System/Library/Frameworks/ImageIO.framework/Versions/A/Resources/libJPEG.dylib
0x000000000b690000 	/System/Library/Frameworks/ImageIO.framework/Versions/A/Resources/libTIFF.dylib
0x000000000b690000 	/System/Library/Frameworks/ImageIO.framework/Versions/A/Resources/libPng.dylib
0x000000000b690000 	/System/Library/Frameworks/ImageIO.framework/Versions/A/Resources/libGIF.dylib
0x000000000b690000 	/System/Library/Frameworks/ImageIO.framework/Versions/A/Resources/libJP2.dylib
0x000000000b690000 	/System/Library/Frameworks/ImageIO.framework/Versions/A/Resources/libRadiance.dylib
0x000000000b690000 	/usr/lib/libexpat.1.dylib
0x000000000b690000 	/System/Library/PrivateFrameworks/AppleJPEG.framework/Versions/A/AppleJPEG
0x000000000b690000 	/System/Library/PrivateFrameworks/FontServices.framework/libFontParser.dylib
0x000000000b690000 	/System/Library/PrivateFrameworks/WatchdogClient.framework/Versions/A/WatchdogClient
0x000000000b690000 	/System/Library/PrivateFrameworks/IOAccelerator.framework/Versions/A/IOAccelerator
0x000000000b690000 	/System/Library/Frameworks/MetalPerformanceShaders.framework/Versions/A/MetalPerformanceShaders
0x000000000b690000 	/System/Library/PrivateFrameworks/GPUWrangler.framework/Versions/A/GPUWrangler
0x000000000b690000 	/System/Library/PrivateFrameworks/IOPresentment.framework/Versions/A/IOPresentment
0x000000000b690000 	/System/Library/PrivateFrameworks/DSExternalDisplay.framework/Versions/A/DSExternalDisplay
0x000000000b690000 	/System/Library/Frameworks/OpenGL.framework/Versions/A/Libraries/libCoreFSCache.dylib
0x000000000b690000 	/System/Library/Frameworks/MetalPerformanceShaders.framework/Frameworks/MPSCore.framework/Versions/A/MPSCore
0x000000000b690000 	/System/Library/Frameworks/MetalPerformanceShaders.framework/Frameworks/MPSImage.framework/Versions/A/MPSImage
0x000000000b690000 	/System/Library/Frameworks/MetalPerformanceShaders.framework/Frameworks/MPSNeuralNetwork.framework/Versions/A/MPSNeuralNetwork
0x000000000b690000 	/System/Library/Frameworks/MetalPerformanceShaders.framework/Frameworks/MPSMatrix.framework/Versions/A/MPSMatrix
0x000000000b690000 	/System/Library/Frameworks/MetalPerformanceShaders.framework/Frameworks/MPSRayIntersector.framework/Versions/A/MPSRayIntersector
0x000000000b690000 	/System/Library/Frameworks/MetalPerformanceShaders.framework/Frameworks/MPSNDArray.framework/Versions/A/MPSNDArray
0x000000000b690000 	/System/Library/PrivateFrameworks/MetalTools.framework/Versions/A/MetalTools
0x000000000b690000 	/System/Library/PrivateFrameworks/AggregateDictionary.framework/Versions/A/AggregateDictionary
0x000000000b690000 	/System/Library/PrivateFrameworks/CoreAnalytics.framework/Versions/A/CoreAnalytics
0x000000000b690000 	/System/Library/PrivateFrameworks/AppleSauce.framework/Versions/A/AppleSauce
0x000000000b690000 	/usr/lib/libIOReport.dylib
0x000000000b690000 	/System/Library/Frameworks/CoreVideo.framework/Versions/A/CoreVideo
0x000000000b690000 	/System/Library/PrivateFrameworks/GraphVisualizer.framework/Versions/A/GraphVisualizer
0x000000000b690000 	/System/Library/PrivateFrameworks/FaceCore.framework/Versions/A/FaceCore
0x000000000b690000 	/System/Library/Frameworks/OpenCL.framework/Versions/A/OpenCL
0x000000000b690000 	/usr/lib/libFosl_dynamic.dylib
0x000000000b690000 	/System/Library/PrivateFrameworks/OTSVG.framework/Versions/A/OTSVG
0x000000000b690000 	/System/Library/Frameworks/ApplicationServices.framework/Versions/A/Frameworks/ATS.framework/Versions/A/Resources/libFontRegistry.dylib
0x000000000b690000 	/System/Library/PrivateFrameworks/FontServices.framework/libhvf.dylib
0x000000000b690000 	/System/Library/Frameworks/OpenGL.framework/Versions/A/Libraries/libGFXShared.dylib
0x000000000b690000 	/System/Library/Frameworks/OpenGL.framework/Versions/A/Libraries/libGLU.dylib
0x000000000b690000 	/System/Library/Frameworks/OpenGL.framework/Versions/A/Libraries/libGL.dylib
0x000000000b690000 	/System/Library/Frameworks/OpenGL.framework/Versions/A/Libraries/libGLImage.dylib
0x000000000b690000 	/System/Library/Frameworks/OpenGL.framework/Versions/A/Libraries/libCVMSPluginSupport.dylib
0x000000000b690000 	/System/Library/Frameworks/OpenGL.framework/Versions/A/Libraries/libCoreVMClient.dylib
0x000000000b690000 	/usr/lib/libncurses.5.4.dylib
0x000000000b690000 	/System/Library/Frameworks/ApplicationServices.framework/Versions/A/Frameworks/ATS.framework/Versions/A/ATS
0x000000000b690000 	/System/Library/Frameworks/ApplicationServices.framework/Versions/A/Frameworks/ColorSyncLegacy.framework/Versions/A/ColorSyncLegacy
0x000000000b690000 	/System/Library/Frameworks/ApplicationServices.framework/Versions/A/Frameworks/HIServices.framework/Versions/A/HIServices
0x000000000b690000 	/System/Library/Frameworks/ApplicationServices.framework/Versions/A/Frameworks/LangAnalysis.framework/Versions/A/LangAnalysis
0x000000000b690000 	/System/Library/Frameworks/ApplicationServices.framework/Versions/A/Frameworks/PrintCore.framework/Versions/A/PrintCore
0x000000000b690000 	/System/Library/Frameworks/ApplicationServices.framework/Versions/A/Frameworks/QD.framework/Versions/A/QD
0x000000000b690000 	/System/Library/Frameworks/ApplicationServices.framework/Versions/A/Frameworks/SpeechSynthesis.framework/Versions/A/SpeechSynthesis
0x000000000b690000 	/System/Library/Frameworks/ApplicationServices.framework/Versions/A/Frameworks/ATSUI.framework/Versions/A/ATSUI
0x000000000b690000 	/usr/lib/libcups.2.dylib
0x000000000b690000 	/System/Library/Frameworks/Kerberos.framework/Versions/A/Kerberos
0x000000000b690000 	/System/Library/Frameworks/GSS.framework/Versions/A/GSS
0x000000000b690000 	/usr/lib/libresolv.9.dylib
0x000000000b690000 	/System/Library/PrivateFrameworks/Heimdal.framework/Versions/A/Heimdal
0x000000000b690000 	/System/Library/Frameworks/Kerberos.framework/Versions/A/Libraries/libHeimdalProxy.dylib
0x000000000b690000 	/usr/lib/libheimdal-asn1.dylib
0x000000000b690000 	/System/Library/PrivateFrameworks/CommonAuth.framework/Versions/A/CommonAuth
0x000000000b690000 	/System/Library/PrivateFrameworks/AssertionServices.framework/Versions/A/AssertionServices
0x000000000b690000 	/System/Library/PrivateFrameworks/AudioToolboxCore.framework/Versions/A/AudioToolboxCore
0x000000000b690000 	/System/Library/PrivateFrameworks/caulk.framework/Versions/A/caulk
0x000000000b690000 	/System/Library/PrivateFrameworks/BaseBoard.framework/Versions/A/BaseBoard
0x000000000b690000 	/System/Library/PrivateFrameworks/RunningBoardServices.framework/Versions/A/RunningBoardServices
0x000000000b690000 	/System/Library/PrivateFrameworks/PersistentConnection.framework/Versions/A/PersistentConnection
0x000000000b690000 	/System/Library/PrivateFrameworks/ProtocolBuffer.framework/Versions/A/ProtocolBuffer
0x000000000b690000 	/System/Library/PrivateFrameworks/CommonUtilities.framework/Versions/A/CommonUtilities
0x000000000b690000 	/System/Library/PrivateFrameworks/Bom.framework/Versions/A/Bom
0x000000000b690000 	/usr/lib/libAudioToolboxUtility.dylib
0x000000000b690000 	/System/Library/PrivateFrameworks/Backup.framework/Versions/A/Backup
0x000000000b690000 	/System/Library/PrivateFrameworks/CrashReporterSupport.framework/Versions/A/CrashReporterSupport
0x000000000b690000 	/System/Library/PrivateFrameworks/Sharing.framework/Versions/A/Sharing
0x000000000b690000 	/System/Library/PrivateFrameworks/Apple80211.framework/Versions/A/Apple80211
0x000000000b690000 	/System/Library/PrivateFrameworks/AuthKit.framework/Versions/A/AuthKit
0x000000000b690000 	/System/Library/PrivateFrameworks/CoreUtils.framework/Versions/A/CoreUtils
0x000000000b690000 	/System/Library/Frameworks/CoreWLAN.framework/Versions/A/CoreWLAN
0x000000000b690000 	/System/Library/Frameworks/IOBluetooth.framework/Versions/A/IOBluetooth
0x000000000b690000 	/System/Library/PrivateFrameworks/MobileKeyBag.framework/Versions/A/MobileKeyBag
0x000000000b690000 	/System/Library/PrivateFrameworks/CorePhoneNumbers.framework/Versions/A/CorePhoneNumbers
0x000000000b690000 	/System/Library/PrivateFrameworks/AppleIDAuthSupport.framework/Versions/A/AppleIDAuthSupport
0x000000000b690000 	/System/Library/Frameworks/Network.framework/Versions/A/Network
0x000000000b690000 	/System/Library/PrivateFrameworks/KeychainCircle.framework/Versions/A/KeychainCircle
0x000000000b690000 	/System/Library/Frameworks/CoreBluetooth.framework/Versions/A/CoreBluetooth
0x000000000b690000 	/System/Library/PrivateFrameworks/SpeechRecognitionCore.framework/Versions/A/SpeechRecognitionCore
0x0000000104000000 	/Library/Java/JavaVirtualMachines/jdk1.8.0_171.jdk/Contents/Home/jre/lib/server/libjvm.dylib
0x000000000b690000 	/usr/lib/libstdc++.6.dylib
0x00000001036f2000 	/Library/Java/JavaVirtualMachines/jdk1.8.0_171.jdk/Contents/Home/jre/lib/libverify.dylib
0x0000000103700000 	/Library/Java/JavaVirtualMachines/jdk1.8.0_171.jdk/Contents/Home/jre/lib/libjava.dylib
0x0000000103780000 	/Library/Java/JavaVirtualMachines/jdk1.8.0_171.jdk/Contents/Home/jre/lib/libzip.dylib
0x000000010d44e000 	/Library/Java/JavaVirtualMachines/jdk1.8.0_171.jdk/Contents/Home/jre/lib/libawt.dylib
0x000000010d4f8000 	/Library/Java/JavaVirtualMachines/jdk1.8.0_171.jdk/Contents/Home/jre/lib/libmlib_image.dylib
0x000000000b690000 	/System/Library/Frameworks/JavaVM.framework/Versions/A/Frameworks/JavaNativeFoundation.framework/Versions/A/JavaNativeFoundation
0x000000000b690000 	/System/Library/Frameworks/JavaVM.framework/Versions/A/Frameworks/JavaRuntimeSupport.framework/Versions/A/JavaRuntimeSupport
0x000000000b690000 	/System/Library/Frameworks/JavaVM.framework/Versions/A/JavaVM
0x000000000b690000 	/System/Library/PrivateFrameworks/JavaLaunching.framework/Versions/A/JavaLaunching
0x000000000b690000 	/System/Library/Frameworks/Carbon.framework/Versions/A/Carbon
0x000000000b690000 	/System/Library/PrivateFrameworks/CoreSymbolication.framework/Versions/A/CoreSymbolication
0x000000000b690000 	/System/Library/Frameworks/Carbon.framework/Versions/A/Frameworks/CommonPanels.framework/Versions/A/CommonPanels
0x000000000b690000 	/System/Library/Frameworks/Carbon.framework/Versions/A/Frameworks/Help.framework/Versions/A/Help
0x000000000b690000 	/System/Library/Frameworks/Carbon.framework/Versions/A/Frameworks/ImageCapture.framework/Versions/A/ImageCapture
0x000000000b690000 	/System/Library/Frameworks/Carbon.framework/Versions/A/Frameworks/OpenScripting.framework/Versions/A/OpenScripting
0x000000000b690000 	/System/Library/Frameworks/Carbon.framework/Versions/A/Frameworks/Ink.framework/Versions/A/Ink
0x000000000b690000 	/System/Library/Frameworks/Carbon.framework/Versions/A/Frameworks/Print.framework/Versions/A/Print
0x000000000b690000 	/System/Library/Frameworks/Carbon.framework/Versions/A/Frameworks/SecurityHI.framework/Versions/A/SecurityHI
0x000000000b690000 	/System/Library/PrivateFrameworks/DebugSymbols.framework/Versions/A/DebugSymbols
0x000000010d5c4000 	/Library/Java/JavaVirtualMachines/jdk1.8.0_171.jdk/Contents/Home/jre/lib/libawt_lwawt.dylib
0x000000010d67e000 	/Library/Java/JavaVirtualMachines/jdk1.8.0_171.jdk/Contents/Home/jre/lib/libosxapp.dylib
0x000000000b690000 	/System/Library/Frameworks/ExceptionHandling.framework/Versions/A/ExceptionHandling
0x000000000b690000 	/System/Library/PrivateFrameworks/CoreServicesInternal.framework/Versions/A/CoreServicesInternal
0x000000000b690000 	/System/Library/Frameworks/FileProvider.framework/Versions/A/FileProvider
0x000000000b690000 	/System/Library/Frameworks/Accounts.framework/Versions/A/Accounts
0x000000000b690000 	/System/Library/PrivateFrameworks/GenerationalStorage.framework/Versions/A/GenerationalStorage
0x000000000b690000 	/System/Library/PrivateFrameworks/SymptomDiagnosticReporter.framework/Versions/A/SymptomDiagnosticReporter
0x000000000b690000 	/System/Library/PrivateFrameworks/AppContainer.framework/Versions/A/AppContainer
0x000000000b690000 	/usr/lib/libsandbox.1.dylib
0x000000000b690000 	/System/Library/PrivateFrameworks/UserManagement.framework/Versions/A/UserManagement
0x000000000b690000 	/System/Library/PrivateFrameworks/ChunkingLibrary.framework/Versions/A/ChunkingLibrary
0x000000000b690000 	/System/Library/PrivateFrameworks/AppSandbox.framework/Versions/A/AppSandbox
0x000000000b690000 	/System/Library/PrivateFrameworks/SecCodeWrapper.framework/Versions/A/SecCodeWrapper
0x000000000b690000 	/usr/lib/libMatch.1.dylib
0x000000000b690000 	/System/Library/CoreServices/RawCamera.bundle/Contents/MacOS/RawCamera
0x000000000b690000 	/System/Library/PrivateFrameworks/MobileAsset.framework/Versions/A/MobileAsset
0x000000000b690000 	/System/Library/PrivateFrameworks/StreamingZip.framework/Versions/A/StreamingZip
0x000000000b690000 	/System/Library/Frameworks/MediaToolbox.framework/Versions/A/MediaToolbox
0x000000000b690000 	/System/Library/PrivateFrameworks/CoreAVCHD.framework/Versions/A/CoreAVCHD
0x000000000b690000 	/System/Library/Frameworks/MediaAccessibility.framework/Versions/A/MediaAccessibility
0x000000000b690000 	/System/Library/PrivateFrameworks/Mangrove.framework/Versions/A/Mangrove
0x000000000b690000 	/System/Library/Frameworks/CoreMedia.framework/Versions/A/CoreMedia
0x000000000b690000 	/System/Library/PrivateFrameworks/MediaExperience.framework/Versions/A/MediaExperience
0x000000000b690000 	/System/Library/Frameworks/VideoToolbox.framework/Versions/A/VideoToolbox
0x000000000b690000 	/System/Library/PrivateFrameworks/CoreAUC.framework/Versions/A/CoreAUC
0x000000000b690000 	/usr/lib/libspindump.dylib
0x000000000b690000 	/System/Library/PrivateFrameworks/AudioResourceArbitration.framework/Versions/A/AudioResourceArbitration
0x000000000b690000 	/System/Library/PrivateFrameworks/AppleVA.framework/Versions/A/AppleVA
0x000000000b690000 	/System/Library/Frameworks/Accelerate.framework/Versions/A/Frameworks/vImage.framework/Versions/A/Libraries/libCGInterfaces.dylib
0x000000010d7a7000 	/usr/lib/libobjc-trampolines.dylib
0x000000000b690000 	/System/Library/PrivateFrameworks/FontServices.framework/libTrueTypeScaler.dylib
0x000000000b690000 	/System/Library/Extensions/AppleIntelBDWGraphicsMTLDriver.bundle/Contents/MacOS/AppleIntelBDWGraphicsMTLDriver
0x000000000b690000 	/System/Library/PrivateFrameworks/GPUCompiler.framework/Versions/3902/Libraries/libmetal_timestamp.dylib
0x000000000b690000 	/System/Library/PrivateFrameworks/FamilyControls.framework/Versions/A/FamilyControls
0x000000000b690000 	/System/Library/PrivateFrameworks/CommerceKit.framework/Versions/A/Frameworks/CommerceCore.framework/Versions/A/CommerceCore
0x000000000b690000 	/System/Library/PrivateFrameworks/SystemAdministration.framework/Versions/A/SystemAdministration
0x000000000b690000 	/System/Library/PrivateFrameworks/DiskManagement.framework/Versions/A/DiskManagement
0x000000000b690000 	/System/Library/Frameworks/DirectoryService.framework/Versions/A/DirectoryService
0x000000000b690000 	/System/Library/PrivateFrameworks/DiskImages.framework/Versions/A/DiskImages
0x000000000b690000 	/System/Library/PrivateFrameworks/LoginUIKit.framework/Versions/A/Frameworks/LoginUICore.framework/Versions/A/LoginUICore
0x000000000b690000 	/usr/lib/libCoreStorage.dylib
0x000000000b690000 	/usr/lib/libcsfde.dylib
0x000000000b690000 	/usr/lib/libodfde.dylib
0x000000000b690000 	/System/Library/PrivateFrameworks/MediaKit.framework/Versions/A/MediaKit
0x000000000b690000 	/System/Library/Frameworks/DiscRecording.framework/Versions/A/DiscRecording
0x000000000b690000 	/System/Library/PrivateFrameworks/EFILogin.framework/Versions/A/EFILogin
0x000000000b690000 	/System/Library/PrivateFrameworks/ProtectedCloudStorage.framework/Versions/A/ProtectedCloudStorage
0x000000000b690000 	/usr/lib/libcurl.4.dylib
0x000000000b690000 	/usr/lib/libcrypto.44.dylib
0x000000000b690000 	/usr/lib/libssl.46.dylib
0x000000000b690000 	/System/Library/Frameworks/LDAP.framework/Versions/A/LDAP
0x000000000b690000 	/System/Library/PrivateFrameworks/TrustEvaluationAgent.framework/Versions/A/TrustEvaluationAgent
0x000000000b690000 	/usr/lib/libsasl2.2.dylib
0x000000000b690000 	/System/Library/PrivateFrameworks/CoreDaemon.framework/Versions/B/CoreDaemon
0x000000000b690000 	/System/Library/PrivateFrameworks/AppleSRP.framework/Versions/A/AppleSRP
0x000000000b690000 	/System/Library/PrivateFrameworks/ViewBridge.framework/Versions/A/ViewBridge
0x000000000b690000 	/System/Library/Frameworks/OpenGL.framework/Versions/A/Resources/GLEngine.bundle/GLEngine
0x000000000b690000 	/System/Library/Frameworks/OpenGL.framework/Versions/A/Libraries/libGLProgrammability.dylib
0x000000000b690000 	/System/Library/Extensions/AppleIntelBDWGraphicsGLDriver.bundle/Contents/MacOS/AppleIntelBDWGraphicsGLDriver
0x000000000b690000 	/System/Library/PrivateFrameworks/GPUSupport.framework/Versions/A/Libraries/libGPUSupportMercury.dylib
0x000000000b690000 	/System/Library/Frameworks/OpenGL.framework/Versions/A/Resources/GLRendererFloat.bundle/GLRendererFloat
0x000000000b690000 	/System/Library/Frameworks/OpenCL.framework/Versions/A/Libraries/libcldcpuengine.dylib
0x000000000b690000 	/System/Library/PrivateFrameworks/login.framework/Versions/A/login
0x000000011f988000 	/Library/Java/JavaVirtualMachines/jdk1.8.0_171.jdk/Contents/Home/jre/lib/libfontmanager.dylib
0x000000011f9fc000 	/Library/Java/JavaVirtualMachines/jdk1.8.0_171.jdk/Contents/Home/jre/lib/libosxui.dylib
0x00000001203d3000 	/Library/Java/JavaVirtualMachines/jdk1.8.0_171.jdk/Contents/Home/jre/lib/libprism_es2.dylib
0x00000001207c7000 	/Library/Java/JavaVirtualMachines/jdk1.8.0_171.jdk/Contents/Home/jre/lib/libglass.dylib
0x000000000b690000 	/System/Library/PrivateFrameworks/HDRProcessing.framework/Versions/A/HDRProcessing
0x0000000122398000 	/Library/Java/JavaVirtualMachines/jdk1.8.0_171.jdk/Contents/Home/jre/lib/libnet.dylib
0x00000001222e6000 	/Library/Java/JavaVirtualMachines/jdk1.8.0_171.jdk/Contents/Home/jre/lib/libnio.dylib
0x000000011dd93000 	/Library/Java/JavaVirtualMachines/jdk1.8.0_171.jdk/Contents/Home/jre/lib/libdcpr.dylib
0x0000000155144000 	/Library/Java/JavaVirtualMachines/jdk1.8.0_171.jdk/Contents/Home/jre/lib/libglib-lite.dylib
0x0000000155248000 	/Library/Java/JavaVirtualMachines/jdk1.8.0_171.jdk/Contents/Home/jre/lib/libgstreamer-lite.dylib
0x0000000155397000 	/Library/Java/JavaVirtualMachines/jdk1.8.0_171.jdk/Contents/Home/jre/lib/libjfxmedia.dylib
0x00000001553cb000 	/Library/Java/JavaVirtualMachines/jdk1.8.0_171.jdk/Contents/Home/jre/lib/libjfxmedia_avf.dylib
0x000000000b690000 	/System/Library/Frameworks/AVFoundation.framework/Versions/A/AVFoundation
0x000000000b690000 	/System/Library/Frameworks/AVFoundation.framework/Versions/A/Frameworks/AVFAudio.framework/Versions/A/AVFAudio
0x000000000b690000 	/System/Library/Frameworks/CoreMediaIO.framework/Versions/A/CoreMediaIO
0x000000000b690000 	/usr/lib/libAudioStatistics.dylib
0x000000000b690000 	/System/Library/PrivateFrameworks/perfdata.framework/Versions/A/perfdata
0x000000000b690000 	/usr/lib/libperfcheck.dylib
0x000000000b690000 	/usr/lib/libSMC.dylib
0x00000001553fc000 	/Library/Java/JavaVirtualMachines/jdk1.8.0_171.jdk/Contents/Home/jre/lib/libfxplugins.dylib
0x000000000b690000 	/System/Library/Frameworks/VideoDecodeAcceleration.framework/Versions/A/VideoDecodeAcceleration
0x0000000155dd3000 	/System/Library/Components/CoreAudio.component/Contents/MacOS/CoreAudio
0x000000000b690000 	/System/Library/PrivateFrameworks/AudioSession.framework/Versions/A/AudioSession
0x000000000b690000 	/System/Library/PrivateFrameworks/AudioSession.framework/libSessionUtility.dylib
0x0000000155f5f000 	/System/Library/Components/AudioCodecs.component/Contents/MacOS/AudioCodecs

VM Arguments:
jvm_args: -Dfile.encoding=UTF-8 
java_command: WinMines
java_class_path (initial): /Library/Java/JavaVirtualMachines/jdk1.8.0_171.jdk/Contents/Home/jre/lib/resources.jar:/Library/Java/JavaVirtualMachines/jdk1.8.0_171.jdk/Contents/Home/jre/lib/rt.jar:/Library/Java/JavaVirtualMachines/jdk1.8.0_171.jdk/Contents/Home/jre/lib/jsse.jar:/Library/Java/JavaVirtualMachines/jdk1.8.0_171.jdk/Contents/Home/jre/lib/jce.jar:/Library/Java/JavaVirtualMachines/jdk1.8.0_171.jdk/Contents/Home/jre/lib/charsets.jar:/Library/Java/JavaVirtualMachines/jdk1.8.0_171.jdk/Contents/Home/jre/lib/jfr.jar:/Library/Java/JavaVirtualMachines/jdk1.8.0_171.jdk/Contents/Home/jre/lib/ext/sunec.jar:/Library/Java/JavaVirtualMachines/jdk1.8.0_171.jdk/Contents/Home/jre/lib/ext/nashorn.jar:/Library/Java/JavaVirtualMachines/jdk1.8.0_171.jdk/Contents/Home/jre/lib/ext/cldrdata.jar:/Library/Java/JavaVirtualMachines/jdk1.8.0_171.jdk/Contents/Home/jre/lib/ext/jfxrt.jar:/Library/Java/JavaVirtualMachines/jdk1.8.0_171.jdk/Contents/Home/jre/lib/ext/dnsns.jar:/Library/Java/JavaVirtualMachines/jdk1.8.0_171.jdk/Contents/Home/jre/lib/ext/localedata.jar:/Library/Java/JavaVirtualMachines/jdk1.8.0_171.jdk/Contents/Home/jre/lib/ext/sunjce_provider.jar:/Library/Java/JavaVirtualMachines/jdk1.8.0_171.jdk/Contents/Home/jre/lib/ext/sunpkcs11.jar:/Library/Java/JavaVirtualMachines/jdk1.8.0_171.jdk/Contents/Home/jre/lib/ext/jaccess.jar:/Library/Java/JavaVirtualMachines/jdk1.8.0_171.jdk/Contents/Home/jre/lib/ext/zipfs.jar:/System/Library/Java/Extensions/MRJToolkit.jar:/Users/oliviayou/121-eclipse-workspace/MinesweeperGame/bin
Launcher Type: SUN_STANDARD

Environment Variables:
PATH=/usr/bin:/bin:/usr/sbin:/sbin
SHELL=/bin/bash

Signal Handlers:
SIGSEGV: [libjvm.dylib+0x5b512d], sa_mask[0]=11111111011111110111111111111111, sa_flags=SA_ONSTACK|SA_RESTART|SA_SIGINFO
SIGBUS: [libjvm.dylib+0x5b512d], sa_mask[0]=11111111011111110111111111111111, sa_flags=SA_RESTART|SA_SIGINFO
SIGFPE: [libjvm.dylib+0x48aa90], sa_mask[0]=11111111011111110111111111111111, sa_flags=SA_RESTART|SA_SIGINFO
SIGPIPE: [libjvm.dylib+0x48aa90], sa_mask[0]=11111111011111110111111111111111, sa_flags=SA_RESTART|SA_SIGINFO
SIGXFSZ: [libjvm.dylib+0x48aa90], sa_mask[0]=11111111011111110111111111111111, sa_flags=SA_RESTART|SA_SIGINFO
SIGILL: [libjvm.dylib+0x48aa90], sa_mask[0]=11111111011111110111111111111111, sa_flags=SA_RESTART|SA_SIGINFO
SIGUSR1: SIG_DFL, sa_mask[0]=00000000000000000000000000000000, sa_flags=none
SIGUSR2: [libjvm.dylib+0x48a5ae], sa_mask[0]=00100000000000000000000000000000, sa_flags=SA_RESTART|SA_SIGINFO
SIGHUP: [libjvm.dylib+0x488b79], sa_mask[0]=11111111011111110111111111111111, sa_flags=SA_RESTART|SA_SIGINFO
SIGINT: [libjvm.dylib+0x488b79], sa_mask[0]=11111111011111110111111111111111, sa_flags=SA_RESTART|SA_SIGINFO
SIGTERM: [libjvm.dylib+0x488b79], sa_mask[0]=11111111011111110111111111111111, sa_flags=SA_RESTART|SA_SIGINFO
SIGQUIT: [libjvm.dylib+0x488b79], sa_mask[0]=11111111011111110111111111111111, sa_flags=SA_RESTART|SA_SIGINFO


---------------  S Y S T E M  ---------------

OS:Bsduname:Darwin 19.4.0 Darwin Kernel Version 19.4.0: Wed Mar  4 22:28:40 PST 2020; root:xnu-6153.101.6~15/RELEASE_X86_64 x86_64
rlimit: STACK 8192k, CORE 0k, NPROC 1392, NOFILE 10240, AS infinity
load average:4.77 4.68 3.96

CPU:total 4 (initial active 4) (2 cores per cpu, 2 threads per core) family 6 model 61 stepping 4, cmov, cx8, fxsr, mmx, sse, sse2, sse3, ssse3, sse4.1, sse4.2, popcnt, avx, avx2, aes, clmul, erms, 3dnowpref, lzcnt, ht, tsc, tscinvbit, bmi1, bmi2, adx

Memory: 4k page, physical 8388608k(1395052k free)

/proc/meminfo:


vm_info: Java HotSpot(TM) 64-Bit Server VM (25.171-b11) for bsd-amd64 JRE (1.8.0_171-b11), built on Mar 28 2018 12:50:57 by "java_re" with gcc 4.2.1 (Based on Apple Inc. build 5658) (LLVM build 2336.11.00)

time: Fri May  1 21:12:29 2020
elapsed time: 1494 seconds (0d 0h 24m 54s)

